C:\GIT\JIGSAWPUZZLE\JIGSAWPUZZLE\DEBUG\JIGSAWPUZZLE.PCH
C:\GIT\JIGSAWPUZZLE\JIGSAWPUZZLE\DEBUG\STDAFX.OBJ
C:\GIT\JIGSAWPUZZLE\JIGSAWPUZZLE\DEBUG\VC100.PDB
C:\GIT\JIGSAWPUZZLE\JIGSAWPUZZLE\DEBUG\JIGSAWPUZZLE.OBJ
C:\GIT\JIGSAWPUZZLE\JIGSAWPUZZLE\DEBUG\JPMINIGAME.OBJ
C:\GIT\JIGSAWPUZZLE\JIGSAWPUZZLE\DEBUG\MINIGAME.OBJ
C:\GIT\JIGSAWPUZZLE\JIGSAWPUZZLE\IPCH\DEBUG\JIGSAWPUZZLE.ILK
C:\GIT\JIGSAWPUZZLE\JIGSAWPUZZLE\IPCH\DEBUG\JIGSAWPUZZLE.EXE
C:\GIT\JIGSAWPUZZLE\JIGSAWPUZZLE\DEBUG\JIGSAWPUZZLE.EXE.INTERMEDIATE.MANIFEST
C:\GIT\JIGSAWPUZZLE\JIGSAWPUZZLE\IPCH\DEBUG\JIGSAWPUZZLE.PDB
C:\GIT\JIGSAWPUZZLE\JIGSAWPUZZLE\DEBUG\JIGSAWPUZZLE.EXE.EMBED.MANIFEST
C:\GIT\JIGSAWPUZZLE\JIGSAWPUZZLE\DEBUG\JIGSAWPUZZLE.RES
C:\GIT\JIGSAWPUZZLE\JIGSAWPUZZLE\DEBUG\JIGSAWPUZZLE.EXE.EMBED.MANIFEST.RES
C:\git\JigsawPuzzle\JigsawPuzzle\Debug\JigsawPuzzle.obj
C:\git\JigsawPuzzle\JigsawPuzzle\Debug\MiniGame.obj
C:\git\JigsawPuzzle\JigsawPuzzle\Debug\stdafx.obj
C:\git\JigsawPuzzle\JigsawPuzzle\Debug\cl.command.1.tlog
C:\git\JigsawPuzzle\JigsawPuzzle\Debug\CL.read.1.tlog
C:\git\JigsawPuzzle\JigsawPuzzle\Debug\CL.write.1.tlog
C:\git\JigsawPuzzle\JigsawPuzzle\Debug\link-cvtres.read.1.tlog
C:\git\JigsawPuzzle\JigsawPuzzle\Debug\link-cvtres.write.1.tlog
C:\git\JigsawPuzzle\JigsawPuzzle\Debug\link.command.1.tlog
C:\git\JigsawPuzzle\JigsawPuzzle\Debug\link.read.1.tlog
C:\git\JigsawPuzzle\JigsawPuzzle\Debug\link.write.1.tlog
C:\git\JigsawPuzzle\JigsawPuzzle\Debug\mt.command.1.tlog
C:\git\JigsawPuzzle\JigsawPuzzle\Debug\mt.read.1.tlog
C:\git\JigsawPuzzle\JigsawPuzzle\Debug\mt.write.1.tlog
C:\git\JigsawPuzzle\JigsawPuzzle\Debug\rc.command.1.tlog
C:\git\JigsawPuzzle\JigsawPuzzle\Debug\rc.read.1.tlog
C:\git\JigsawPuzzle\JigsawPuzzle\Debug\rc.write.1.tlog
C:\git\JigsawPuzzle\JigsawPuzzle\Debug\JigsawPuzzle.exe.embed.manifest
C:\git\JigsawPuzzle\JigsawPuzzle\Debug\JigsawPuzzle.exe.intermediate.manifest
C:\git\JigsawPuzzle\JigsawPuzzle\Debug\JigsawPuzzle.exe.embed.manifest.res
C:\git\JigsawPuzzle\JigsawPuzzle\Debug\JigsawPuzzle.res
C:\git\JigsawPuzzle\JigsawPuzzle\Debug\JigsawPuzzle.pch
C:\git\JigsawPuzzle\JigsawPuzzle\Debug\vc100.idb
C:\git\JigsawPuzzle\JigsawPuzzle\Debug\vc100.pdb
C:\git\JigsawPuzzle\JigsawPuzzle\Debug\JigsawPuzzle_manifest.rc
C:\git\JigsawPuzzle\JigsawPuzzle\ipch\Debug\JigsawPuzzle.pdb
C:\git\JigsawPuzzle\JigsawPuzzle\ipch\Debug\JigsawPuzzle.exe
C:\git\JigsawPuzzle\JigsawPuzzle\ipch\Debug\JigsawPuzzle.ilk
